
                                      ARENA Simulation Results
                           benguozsubasi2@gmail.com - License: 7328734345

                                  Summary for Replication 1 of 10

Project: MontajHatti                                                 Run execution date :12/ 8/2025
Analyst: Bengu Ozsubasi Pek                                          Model revision date:12/ 8/2025

Replication ended at time      : 38400.0 Minutes 
Statistics were cleared at time: 7500.0 Minutes (Monday, December 15, 2025, 19:30:00)
Statistics accumulated for time: 30900.0 Minutes
Base Time Units: Minutes

                                           TALLY VARIABLES

Identifier                                  Average   Half Width  Minimum    Maximum   Observations
___________________________________________________________________________________________________

TimeInSys                                   921.36     (Corr)     470.60     1640.3       2788    
ElektrikMontajQ.WaitingTime                 5.4249     .13546     .00000     11.952       3079    
SacKesimBukumQ.WaitingTime                  2.8671     .12150     .00000     9.8934       3064    
MetalSekillendirmeQ.WaitingTime             2.4721     .07805     .00000     8.9679       4061    
FonksiyonTestiQ.WaitingTime                 .00937     .00187     .00000     .83386       3079    
MontajPresiQ.WaitingTime                    881.81     (Corr)     433.82     1593.1       3430    
Birlestirme.Queue.WaitingTime               2.2130     .05725     .00000     26.561       7124    

                                     DISCRETE-CHANGE VARIABLES

Identifier                                  Average   Half Width  Minimum    Maximum   Final Value
___________________________________________________________________________________________________

ElektrikMontajR.NumberBusy                  .99898     (Insuf)    .00000     1.0000     1.0000    
ElektrikMontajR.NumberScheduled             1.0000     (Insuf)    1.0000     1.0000     1.0000    
ElektrikMontajR.Utilization                 .99898     (Insuf)    .00000     1.0000     1.0000    
SacKesimBukumR.NumberBusy                   .74471     .01556     .00000     1.0000     1.0000    
SacKesimBukumR.NumberScheduled              1.0000     (Insuf)    1.0000     1.0000     1.0000    
SacKesimBukumR.Utilization                  .74471     .01556     .00000     1.0000     1.0000    
MetalSekillendirmeR.NumberBusy              .78906     .01395     .00000     1.0000     1.0000    
MetalSekillendirmeR.NumberScheduled         1.0000     (Insuf)    1.0000     1.0000     1.0000    
MetalSekillendirmeR.Utilization             .78906     .01395     .00000     1.0000     1.0000    
FonksiyonTestiR.NumberBusy                  .79754     .00404     .00000     1.0000     1.0000    
FonksiyonTestiR.NumberScheduled             1.0000     (Insuf)    1.0000     1.0000     1.0000    
FonksiyonTestiR.Utilization                 .79754     .00404     .00000     1.0000     1.0000    
MontajPresiR.NumberBusy                     1.0000     (Insuf)    .00000     1.0000     1.0000    
MontajPresiR.NumberScheduled                1.0000     (Insuf)    1.0000     1.0000     1.0000    
MontajPresiR.Utilization                    1.0000     (Insuf)    .00000     1.0000     1.0000    
ElektrikMontajQ.NumberInQueue               .54045     .01292     .00000     1.0000     .00000    
SacKesimBukumQ.NumberInQueue                .28433     .01566     .00000     1.0000     1.0000    
MetalSekillendirmeQ.NumberInQueue           .32490     .01354     .00000     1.0000     .00000    
FonksiyonTestiQ.NumberInQueue               9.3377E-04 (Insuf)    .00000     1.0000     .00000    
MontajPresiQ.NumberInQueue                  102.41     (Corr)     52.000     188.00     187.00    
Birlestirme.Queue.NumberInQueue             .51039     .01188     .00000     2.0000     1.0000    

                                             COUNTERS

Identifier                                    Count   Limit
_____________________________________________________________

ScrapJob                                        290  Infinite
Packed                                          279  Infinite
FinishedJob                                    2788  Infinite

                                             OUTPUTS

Identifier                                   Value
_____________________________________________________________

ElektrikMontajR.NumberSeized                3079.0    
ElektrikMontajR.ScheduledUtilization        .99898    
SacKesimBukumR.NumberSeized                 3064.0    
SacKesimBukumR.ScheduledUtilization         .74471    
MetalSekillendirmeR.NumberSeized            4061.0    
MetalSekillendirmeR.ScheduledUtilization    .78906    
FonksiyonTestiR.NumberSeized                3079.0    
FonksiyonTestiR.ScheduledUtilization        .79754    
MontajPresiR.NumberSeized                   3430.0    
MontajPresiR.ScheduledUtilization           1.0000    
System.NumberOut                            .00000    

Beginning replication 2 of 10

                                      ARENA Simulation Results
                           benguozsubasi2@gmail.com - License: 7328734345

                                  Summary for Replication 2 of 10

Project: MontajHatti                                                 Run execution date :12/ 8/2025
Analyst: Bengu Ozsubasi Pek                                          Model revision date:12/ 8/2025

Replication ended at time      : 38400.0 Minutes 
Statistics were cleared at time: 7500.0 Minutes (Monday, December 15, 2025, 19:30:00)
Statistics accumulated for time: 30900.0 Minutes
Base Time Units: Minutes

                                           TALLY VARIABLES

Identifier                                  Average   Half Width  Minimum    Maximum   Observations
___________________________________________________________________________________________________

TimeInSys                                   1354.5     (Corr)     443.75     2257.0       2753    
ElektrikMontajQ.WaitingTime                 5.2311     (Corr)     .00000     11.872       3088    
SacKesimBukumQ.WaitingTime                  3.0919     .11315     .00000     9.9295       3194    
MetalSekillendirmeQ.WaitingTime             2.5029     .06214     .00000     9.3199       4117    
FonksiyonTestiQ.WaitingTime                 .01146     .00251     .00000     1.1975       3088    
MontajPresiQ.WaitingTime                    1315.8     (Corr)     408.48     2212.6       3435    
Birlestirme.Queue.WaitingTime               2.0936     .05153     .00000     19.380       7310    

                                     DISCRETE-CHANGE VARIABLES

Identifier                                  Average   Half Width  Minimum    Maximum   Final Value
___________________________________________________________________________________________________

ElektrikMontajR.NumberBusy                  .99840     (Insuf)    .00000     1.0000     1.0000    
ElektrikMontajR.NumberScheduled             1.0000     (Insuf)    1.0000     1.0000     1.0000    
ElektrikMontajR.Utilization                 .99840     (Insuf)    .00000     1.0000     1.0000    
SacKesimBukumR.NumberBusy                   .78050     .01362     .00000     1.0000     1.0000    
SacKesimBukumR.NumberScheduled              1.0000     (Insuf)    1.0000     1.0000     1.0000    
SacKesimBukumR.Utilization                  .78050     .01362     .00000     1.0000     1.0000    
MetalSekillendirmeR.NumberBusy              .79645     .01024     .00000     1.0000     1.0000    
MetalSekillendirmeR.NumberScheduled         1.0000     (Insuf)    1.0000     1.0000     1.0000    
MetalSekillendirmeR.Utilization             .79645     .01024     .00000     1.0000     1.0000    
FonksiyonTestiR.NumberBusy                  .79955     .00349     .00000     1.0000     1.0000    
FonksiyonTestiR.NumberScheduled             1.0000     (Insuf)    1.0000     1.0000     1.0000    
FonksiyonTestiR.Utilization                 .79955     .00349     .00000     1.0000     1.0000    
MontajPresiR.NumberBusy                     1.0000     (Insuf)    .00000     1.0000     1.0000    
MontajPresiR.NumberScheduled                1.0000     (Insuf)    1.0000     1.0000     1.0000    
MontajPresiR.Utilization                    1.0000     (Insuf)    .00000     1.0000     1.0000    
ElektrikMontajQ.NumberInQueue               .52285     .01336     .00000     1.0000     1.0000    
SacKesimBukumQ.NumberInQueue                .31955     .01488     .00000     1.0000     .00000    
MetalSekillendirmeQ.NumberInQueue           .33349     .00825     .00000     1.0000     .00000    
FonksiyonTestiQ.NumberInQueue               .00115     (Insuf)    .00000     1.0000     .00000    
MontajPresiQ.NumberInQueue                  155.65     (Corr)     48.000     271.00     269.00    
Birlestirme.Queue.NumberInQueue             .49522     .00982     .00000     2.0000     1.0000    

                                             COUNTERS

Identifier                                    Count   Limit
_____________________________________________________________

ScrapJob                                        335  Infinite
Packed                                          275  Infinite
FinishedJob                                    2753  Infinite

                                             OUTPUTS

Identifier                                   Value
_____________________________________________________________

ElektrikMontajR.NumberSeized                3088.0    
ElektrikMontajR.ScheduledUtilization        .99840    
SacKesimBukumR.NumberSeized                 3194.0    
SacKesimBukumR.ScheduledUtilization         .78050    
MetalSekillendirmeR.NumberSeized            4117.0    
MetalSekillendirmeR.ScheduledUtilization    .79645    
FonksiyonTestiR.NumberSeized                3088.0    
FonksiyonTestiR.ScheduledUtilization        .79955    
MontajPresiR.NumberSeized                   3435.0    
MontajPresiR.ScheduledUtilization           1.0000    
System.NumberOut                            .00000    

Beginning replication 3 of 10

                                      ARENA Simulation Results
                           benguozsubasi2@gmail.com - License: 7328734345

                                  Summary for Replication 3 of 10

Project: MontajHatti                                                 Run execution date :12/ 8/2025
Analyst: Bengu Ozsubasi Pek                                          Model revision date:12/ 8/2025

Replication ended at time      : 38400.0 Minutes 
Statistics were cleared at time: 7500.0 Minutes (Monday, December 15, 2025, 19:30:00)
Statistics accumulated for time: 30900.0 Minutes
Base Time Units: Minutes

                                           TALLY VARIABLES

Identifier                                  Average   Half Width  Minimum    Maximum   Observations
___________________________________________________________________________________________________

TimeInSys                                   1033.7     (Corr)     381.48     1835.0       2765    
ElektrikMontajQ.WaitingTime                 5.2157     .10774     .00000     11.809       3084    
SacKesimBukumQ.WaitingTime                  2.9853     .11454     .00000     9.8606       3086    
MetalSekillendirmeQ.WaitingTime             2.5664     .06639     .00000     8.7298       4111    
FonksiyonTestiQ.WaitingTime                 .01084     .00184     .00000     .85132       3084    
MontajPresiQ.WaitingTime                    996.75     (Corr)     348.52     1781.7       3435    
Birlestirme.Queue.WaitingTime               2.1756     .05265     .00000     30.306       7196    

                                     DISCRETE-CHANGE VARIABLES

Identifier                                  Average   Half Width  Minimum    Maximum   Final Value
___________________________________________________________________________________________________

ElektrikMontajR.NumberBusy                  .99876     (Insuf)    .00000     1.0000     1.0000    
ElektrikMontajR.NumberScheduled             1.0000     (Insuf)    1.0000     1.0000     1.0000    
ElektrikMontajR.Utilization                 .99876     (Insuf)    .00000     1.0000     1.0000    
SacKesimBukumR.NumberBusy                   .75267     .01633     .00000     1.0000     1.0000    
SacKesimBukumR.NumberScheduled              1.0000     (Insuf)    1.0000     1.0000     1.0000    
SacKesimBukumR.Utilization                  .75267     .01633     .00000     1.0000     1.0000    
MetalSekillendirmeR.NumberBusy              .79739     .01355     .00000     1.0000     1.0000    
MetalSekillendirmeR.NumberScheduled         1.0000     (Insuf)    1.0000     1.0000     1.0000    
MetalSekillendirmeR.Utilization             .79739     .01355     .00000     1.0000     1.0000    
FonksiyonTestiR.NumberBusy                  .79873     .00353     .00000     1.0000     1.0000    
FonksiyonTestiR.NumberScheduled             1.0000     (Insuf)    1.0000     1.0000     1.0000    
FonksiyonTestiR.Utilization                 .79873     .00353     .00000     1.0000     1.0000    
MontajPresiR.NumberBusy                     1.0000     (Insuf)    .00000     1.0000     1.0000    
MontajPresiR.NumberScheduled                1.0000     (Insuf)    1.0000     1.0000     1.0000    
MontajPresiR.Utilization                    1.0000     (Insuf)    .00000     1.0000     1.0000    
ElektrikMontajQ.NumberInQueue               .52067     .01340     .00000     1.0000     1.0000    
SacKesimBukumQ.NumberInQueue                .29832     .01459     .00000     1.0000     1.0000    
MetalSekillendirmeQ.NumberInQueue           .34151     .01111     .00000     1.0000     1.0000    
FonksiyonTestiQ.NumberInQueue               .00108     (Insuf)    .00000     1.0000     .00000    
MontajPresiQ.NumberInQueue                  116.47     (Corr)     43.000     208.00     207.00    
Birlestirme.Queue.NumberInQueue             .50667     (Corr)     .00000     2.0000     .00000    

                                             COUNTERS

Identifier                                    Count   Limit
_____________________________________________________________

ScrapJob                                        318  Infinite
Packed                                          277  Infinite
FinishedJob                                    2765  Infinite

                                             OUTPUTS

Identifier                                   Value
_____________________________________________________________

ElektrikMontajR.NumberSeized                3084.0    
ElektrikMontajR.ScheduledUtilization        .99876    
SacKesimBukumR.NumberSeized                 3086.0    
SacKesimBukumR.ScheduledUtilization         .75267    
MetalSekillendirmeR.NumberSeized            4111.0    
MetalSekillendirmeR.ScheduledUtilization    .79739    
FonksiyonTestiR.NumberSeized                3084.0    
FonksiyonTestiR.ScheduledUtilization        .79873    
MontajPresiR.NumberSeized                   3435.0    
MontajPresiR.ScheduledUtilization           1.0000    
System.NumberOut                            .00000    

Beginning replication 4 of 10

                                      ARENA Simulation Results
                           benguozsubasi2@gmail.com - License: 7328734345

                                  Summary for Replication 4 of 10

Project: MontajHatti                                                 Run execution date :12/ 8/2025
Analyst: Bengu Ozsubasi Pek                                          Model revision date:12/ 8/2025

Replication ended at time      : 38400.0 Minutes 
Statistics were cleared at time: 7500.0 Minutes (Monday, December 15, 2025, 19:30:00)
Statistics accumulated for time: 30900.0 Minutes
Base Time Units: Minutes

                                           TALLY VARIABLES

Identifier                                  Average   Half Width  Minimum    Maximum   Observations
___________________________________________________________________________________________________

TimeInSys                                   988.05     (Corr)     423.83     1534.7       2780    
ElektrikMontajQ.WaitingTime                 5.2575     .17476     .00000     11.770       3086    
SacKesimBukumQ.WaitingTime                  2.9375     .13355     .00000     9.9045       3060    
MetalSekillendirmeQ.WaitingTime             2.5214     .07657     .00000     9.2588       4041    
FonksiyonTestiQ.WaitingTime                 .01103     .00247     .00000     1.0044       3086    
MontajPresiQ.WaitingTime                    947.65     (Corr)     385.31     1493.1       3430    
Birlestirme.Queue.WaitingTime               2.1533     .03805     .00000     21.464       7102    

                                     DISCRETE-CHANGE VARIABLES

Identifier                                  Average   Half Width  Minimum    Maximum   Final Value
___________________________________________________________________________________________________

ElektrikMontajR.NumberBusy                  .99855     (Insuf)    .00000     1.0000     1.0000    
ElektrikMontajR.NumberScheduled             1.0000     (Insuf)    1.0000     1.0000     1.0000    
ElektrikMontajR.Utilization                 .99855     (Insuf)    .00000     1.0000     1.0000    
SacKesimBukumR.NumberBusy                   .74465     .01660     .00000     1.0000     1.0000    
SacKesimBukumR.NumberScheduled              1.0000     (Insuf)    1.0000     1.0000     1.0000    
SacKesimBukumR.Utilization                  .74465     .01660     .00000     1.0000     1.0000    
MetalSekillendirmeR.NumberBusy              .78593     .01391     .00000     1.0000     1.0000    
MetalSekillendirmeR.NumberScheduled         1.0000     (Insuf)    1.0000     1.0000     1.0000    
MetalSekillendirmeR.Utilization             .78593     .01391     .00000     1.0000     1.0000    
FonksiyonTestiR.NumberBusy                  .79923     .00357     .00000     1.0000     1.0000    
FonksiyonTestiR.NumberScheduled             1.0000     (Insuf)    1.0000     1.0000     1.0000    
FonksiyonTestiR.Utilization                 .79923     .00357     .00000     1.0000     1.0000    
MontajPresiR.NumberBusy                     1.0000     (Insuf)    .00000     1.0000     1.0000    
MontajPresiR.NumberScheduled                1.0000     (Insuf)    1.0000     1.0000     1.0000    
MontajPresiR.Utilization                    1.0000     (Insuf)    .00000     1.0000     1.0000    
ElektrikMontajQ.NumberInQueue               .52495     .01368     .00000     1.0000     .00000    
SacKesimBukumQ.NumberInQueue                .29090     .01578     .00000     1.0000     1.0000    
MetalSekillendirmeQ.NumberInQueue           .32975     .01327     .00000     1.0000     .00000    
FonksiyonTestiQ.NumberInQueue               .00110     (Insuf)    .00000     1.0000     .00000    
MontajPresiQ.NumberInQueue                  108.81     (Corr)     44.000     171.00     170.00    
Birlestirme.Queue.NumberInQueue             .49471     (Corr)     .00000     2.0000     .00000    

                                             COUNTERS

Identifier                                    Count   Limit
_____________________________________________________________

ScrapJob                                        306  Infinite
Packed                                          278  Infinite
FinishedJob                                    2780  Infinite

                                             OUTPUTS

Identifier                                   Value
_____________________________________________________________

ElektrikMontajR.NumberSeized                3086.0    
ElektrikMontajR.ScheduledUtilization        .99855    
SacKesimBukumR.NumberSeized                 3060.0    
SacKesimBukumR.ScheduledUtilization         .74465    
MetalSekillendirmeR.NumberSeized            4041.0    
MetalSekillendirmeR.ScheduledUtilization    .78593    
FonksiyonTestiR.NumberSeized                3086.0    
FonksiyonTestiR.ScheduledUtilization        .79923    
MontajPresiR.NumberSeized                   3430.0    
MontajPresiR.ScheduledUtilization           1.0000    
System.NumberOut                            .00000    

Beginning replication 5 of 10

                                      ARENA Simulation Results
                           benguozsubasi2@gmail.com - License: 7328734345

                                  Summary for Replication 5 of 10

Project: MontajHatti                                                 Run execution date :12/ 8/2025
Analyst: Bengu Ozsubasi Pek                                          Model revision date:12/ 8/2025

Replication ended at time      : 38400.0 Minutes 
Statistics were cleared at time: 7500.0 Minutes (Monday, December 15, 2025, 19:30:00)
Statistics accumulated for time: 30900.0 Minutes
Base Time Units: Minutes

                                           TALLY VARIABLES

Identifier                                  Average   Half Width  Minimum    Maximum   Observations
___________________________________________________________________________________________________

TimeInSys                                   1313.8     (Corr)     453.67     2139.3       2802    
ElektrikMontajQ.WaitingTime                 5.1613     .14879     .00000     11.857       3092    
SacKesimBukumQ.WaitingTime                  2.9573     .10930     .00000     9.7084       3150    
MetalSekillendirmeQ.WaitingTime             2.6019     .06768     .00000     8.8253       4113    
FonksiyonTestiQ.WaitingTime                 .01124     .00229     .00000     .77138       3092    
MontajPresiQ.WaitingTime                    1275.4     (Corr)     413.87     2097.6       3437    
Birlestirme.Queue.WaitingTime               2.1123     .05014     .00000     20.311       7262    

                                     DISCRETE-CHANGE VARIABLES

Identifier                                  Average   Half Width  Minimum    Maximum   Final Value
___________________________________________________________________________________________________

ElektrikMontajR.NumberBusy                  .99817     (Insuf)    .00000     1.0000     1.0000    
ElektrikMontajR.NumberScheduled             1.0000     (Insuf)    1.0000     1.0000     1.0000    
ElektrikMontajR.Utilization                 .99817     (Insuf)    .00000     1.0000     1.0000    
SacKesimBukumR.NumberBusy                   .76162     .01630     .00000     1.0000     1.0000    
SacKesimBukumR.NumberScheduled              1.0000     (Insuf)    1.0000     1.0000     1.0000    
SacKesimBukumR.Utilization                  .76162     .01630     .00000     1.0000     1.0000    
MetalSekillendirmeR.NumberBusy              .79961     .01150     .00000     1.0000     .00000    
MetalSekillendirmeR.NumberScheduled         1.0000     (Insuf)    1.0000     1.0000     1.0000    
MetalSekillendirmeR.Utilization             .79961     .01150     .00000     1.0000     .00000    
FonksiyonTestiR.NumberBusy                  .80086     .00375     .00000     1.0000     1.0000    
FonksiyonTestiR.NumberScheduled             1.0000     (Insuf)    1.0000     1.0000     1.0000    
FonksiyonTestiR.Utilization                 .80086     .00375     .00000     1.0000     1.0000    
MontajPresiR.NumberBusy                     1.0000     (Insuf)    .00000     1.0000     1.0000    
MontajPresiR.NumberScheduled                1.0000     (Insuf)    1.0000     1.0000     1.0000    
MontajPresiR.Utilization                    1.0000     (Insuf)    .00000     1.0000     1.0000    
ElektrikMontajQ.NumberInQueue               .51645     .01477     .00000     1.0000     1.0000    
SacKesimBukumQ.NumberInQueue                .30148     .01341     .00000     1.0000     .00000    
MetalSekillendirmeQ.NumberInQueue           .34633     .01138     .00000     1.0000     .00000    
FonksiyonTestiQ.NumberInQueue               .00112     (Insuf)    .00000     1.0000     .00000    
MontajPresiQ.NumberInQueue                  149.79     (Corr)     46.000     244.00     242.00    
Birlestirme.Queue.NumberInQueue             .49666     .00964     .00000     2.0000     1.0000    

                                             COUNTERS

Identifier                                    Count   Limit
_____________________________________________________________

ScrapJob                                        289  Infinite
Packed                                          281  Infinite
FinishedJob                                    2802  Infinite

                                             OUTPUTS

Identifier                                   Value
_____________________________________________________________

ElektrikMontajR.NumberSeized                3092.0    
ElektrikMontajR.ScheduledUtilization        .99817    
SacKesimBukumR.NumberSeized                 3150.0    
SacKesimBukumR.ScheduledUtilization         .76162    
MetalSekillendirmeR.NumberSeized            4113.0    
MetalSekillendirmeR.ScheduledUtilization    .79961    
FonksiyonTestiR.NumberSeized                3092.0    
FonksiyonTestiR.ScheduledUtilization        .80086    
MontajPresiR.NumberSeized                   3437.0    
MontajPresiR.ScheduledUtilization           1.0000    
System.NumberOut                            .00000    

Beginning replication 6 of 10

                                      ARENA Simulation Results
                           benguozsubasi2@gmail.com - License: 7328734345

                                  Summary for Replication 6 of 10

Project: MontajHatti                                                 Run execution date :12/ 8/2025
Analyst: Bengu Ozsubasi Pek                                          Model revision date:12/ 8/2025

Replication ended at time      : 38400.0 Minutes 
Statistics were cleared at time: 7500.0 Minutes (Monday, December 15, 2025, 19:30:00)
Statistics accumulated for time: 30900.0 Minutes
Base Time Units: Minutes

                                           TALLY VARIABLES

Identifier                                  Average   Half Width  Minimum    Maximum   Observations
___________________________________________________________________________________________________

TimeInSys                                   1059.8     (Corr)     365.99     1907.6       2768    
ElektrikMontajQ.WaitingTime                 5.2185     .12722     .00000     11.938       3081    
SacKesimBukumQ.WaitingTime                  2.9287     .12148     .00000     9.8882       3103    
MetalSekillendirmeQ.WaitingTime             2.5598     .07818     .00000     8.8359       4118    
FonksiyonTestiQ.WaitingTime                 .01178     .00234     .00000     .86602       3081    
MontajPresiQ.WaitingTime                    1022.0     (Corr)     323.37     1859.3       3431    
Birlestirme.Queue.WaitingTime               2.1474     .04543     .00000     20.442       7222    

                                     DISCRETE-CHANGE VARIABLES

Identifier                                  Average   Half Width  Minimum    Maximum   Final Value
___________________________________________________________________________________________________

ElektrikMontajR.NumberBusy                  .99761     (Insuf)    .00000     1.0000     1.0000    
ElektrikMontajR.NumberScheduled             1.0000     (Insuf)    1.0000     1.0000     1.0000    
ElektrikMontajR.Utilization                 .99761     (Insuf)    .00000     1.0000     1.0000    
SacKesimBukumR.NumberBusy                   .75100     .01318     .00000     1.0000     .00000    
SacKesimBukumR.NumberScheduled              1.0000     (Insuf)    1.0000     1.0000     1.0000    
SacKesimBukumR.Utilization                  .75100     .01318     .00000     1.0000     .00000    
MetalSekillendirmeR.NumberBusy              .80062     .01116     .00000     1.0000     1.0000    
MetalSekillendirmeR.NumberScheduled         1.0000     (Insuf)    1.0000     1.0000     1.0000    
MetalSekillendirmeR.Utilization             .80062     .01116     .00000     1.0000     1.0000    
FonksiyonTestiR.NumberBusy                  .79665     .00372     .00000     1.0000     1.0000    
FonksiyonTestiR.NumberScheduled             1.0000     (Insuf)    1.0000     1.0000     1.0000    
FonksiyonTestiR.Utilization                 .79665     .00372     .00000     1.0000     1.0000    
MontajPresiR.NumberBusy                     1.0000     (Insuf)    .00000     1.0000     1.0000    
MontajPresiR.NumberScheduled                1.0000     (Insuf)    1.0000     1.0000     1.0000    
MontajPresiR.Utilization                    1.0000     (Insuf)    .00000     1.0000     1.0000    
ElektrikMontajQ.NumberInQueue               .52008     .01321     .00000     1.0000     .00000    
SacKesimBukumQ.NumberInQueue                .29411     .01445     .00000     1.0000     .00000    
MetalSekillendirmeQ.NumberInQueue           .34115     .01381     .00000     1.0000     .00000    
FonksiyonTestiQ.NumberInQueue               .00117     (Insuf)    .00000     1.0000     .00000    
MontajPresiQ.NumberInQueue                  119.74     (Corr)     38.000     219.00     219.00    
Birlestirme.Queue.NumberInQueue             .50174     .00830     .00000     2.0000     .00000    

                                             COUNTERS

Identifier                                    Count   Limit
_____________________________________________________________

ScrapJob                                        312  Infinite
Packed                                          277  Infinite
FinishedJob                                    2768  Infinite

                                             OUTPUTS

Identifier                                   Value
_____________________________________________________________

ElektrikMontajR.NumberSeized                3081.0    
ElektrikMontajR.ScheduledUtilization        .99761    
SacKesimBukumR.NumberSeized                 3103.0    
SacKesimBukumR.ScheduledUtilization         .75100    
MetalSekillendirmeR.NumberSeized            4118.0    
MetalSekillendirmeR.ScheduledUtilization    .80062    
FonksiyonTestiR.NumberSeized                3081.0    
FonksiyonTestiR.ScheduledUtilization        .79665    
MontajPresiR.NumberSeized                   3431.0    
MontajPresiR.ScheduledUtilization           1.0000    
System.NumberOut                            .00000    

Beginning replication 7 of 10

                                      ARENA Simulation Results
                           benguozsubasi2@gmail.com - License: 7328734345

                                  Summary for Replication 7 of 10

Project: MontajHatti                                                 Run execution date :12/ 8/2025
Analyst: Bengu Ozsubasi Pek                                          Model revision date:12/ 8/2025

Replication ended at time      : 38400.0 Minutes 
Statistics were cleared at time: 7500.0 Minutes (Monday, December 15, 2025, 19:30:00)
Statistics accumulated for time: 30900.0 Minutes
Base Time Units: Minutes

                                           TALLY VARIABLES

Identifier                                  Average   Half Width  Minimum    Maximum   Observations
___________________________________________________________________________________________________

TimeInSys                                   1006.9     (Corr)     275.52     1663.7       2770    
ElektrikMontajQ.WaitingTime                 5.3348     .14258     .00000     11.904       3097    
SacKesimBukumQ.WaitingTime                  3.0249     .09822     .00000     9.8405       3132    
MetalSekillendirmeQ.WaitingTime             2.5549     .06431     .00000     9.8269       4056    
FonksiyonTestiQ.WaitingTime                 .01556     .00247     .00000     1.1597       3097    
MontajPresiQ.WaitingTime                    968.03     (Corr)     239.64     1617.9       3435    
Birlestirme.Queue.WaitingTime               2.1611     .05383     .00000     24.241       7188    

                                     DISCRETE-CHANGE VARIABLES

Identifier                                  Average   Half Width  Minimum    Maximum   Final Value
___________________________________________________________________________________________________

ElektrikMontajR.NumberBusy                  .99895     (Insuf)    .00000     1.0000     1.0000    
ElektrikMontajR.NumberScheduled             1.0000     (Insuf)    1.0000     1.0000     1.0000    
ElektrikMontajR.Utilization                 .99895     (Insuf)    .00000     1.0000     1.0000    
SacKesimBukumR.NumberBusy                   .76183     .01084     .00000     1.0000     .00000    
SacKesimBukumR.NumberScheduled              1.0000     (Insuf)    1.0000     1.0000     1.0000    
SacKesimBukumR.Utilization                  .76183     .01084     .00000     1.0000     .00000    
MetalSekillendirmeR.NumberBusy              .78935     .01511     .00000     1.0000     1.0000    
MetalSekillendirmeR.NumberScheduled         1.0000     (Insuf)    1.0000     1.0000     1.0000    
MetalSekillendirmeR.Utilization             .78935     .01511     .00000     1.0000     1.0000    
FonksiyonTestiR.NumberBusy                  .80358     .00426     .00000     1.0000     1.0000    
FonksiyonTestiR.NumberScheduled             1.0000     (Insuf)    1.0000     1.0000     1.0000    
FonksiyonTestiR.Utilization                 .80358     .00426     .00000     1.0000     1.0000    
MontajPresiR.NumberBusy                     1.0000     (Insuf)    .00000     1.0000     1.0000    
MontajPresiR.NumberScheduled                1.0000     (Insuf)    1.0000     1.0000     1.0000    
MontajPresiR.Utilization                    1.0000     (Insuf)    .00000     1.0000     1.0000    
ElektrikMontajQ.NumberInQueue               .53469     .01462     .00000     1.0000     .00000    
SacKesimBukumQ.NumberInQueue                .30661     .01212     .00000     1.0000     .00000    
MetalSekillendirmeQ.NumberInQueue           .33547     .01393     .00000     1.0000     1.0000    
FonksiyonTestiQ.NumberInQueue               .00156     3.3795E-04 .00000     1.0000     .00000    
MontajPresiQ.NumberInQueue                  112.50     (Corr)     27.000     190.00     187.00    
Birlestirme.Queue.NumberInQueue             .50295     .01089     .00000     2.0000     1.0000    

                                             COUNTERS

Identifier                                    Count   Limit
_____________________________________________________________

ScrapJob                                        327  Infinite
Packed                                          277  Infinite
FinishedJob                                    2770  Infinite

                                             OUTPUTS

Identifier                                   Value
_____________________________________________________________

ElektrikMontajR.NumberSeized                3097.0    
ElektrikMontajR.ScheduledUtilization        .99895    
SacKesimBukumR.NumberSeized                 3132.0    
SacKesimBukumR.ScheduledUtilization         .76183    
MetalSekillendirmeR.NumberSeized            4056.0    
MetalSekillendirmeR.ScheduledUtilization    .78935    
FonksiyonTestiR.NumberSeized                3097.0    
FonksiyonTestiR.ScheduledUtilization        .80358    
MontajPresiR.NumberSeized                   3435.0    
MontajPresiR.ScheduledUtilization           1.0000    
System.NumberOut                            .00000    

Beginning replication 8 of 10

                                      ARENA Simulation Results
                           benguozsubasi2@gmail.com - License: 7328734345

                                  Summary for Replication 8 of 10

Project: MontajHatti                                                 Run execution date :12/ 8/2025
Analyst: Bengu Ozsubasi Pek                                          Model revision date:12/ 8/2025

Replication ended at time      : 38400.0 Minutes 
Statistics were cleared at time: 7500.0 Minutes (Monday, December 15, 2025, 19:30:00)
Statistics accumulated for time: 30900.0 Minutes
Base Time Units: Minutes

                                           TALLY VARIABLES

Identifier                                  Average   Half Width  Minimum    Maximum   Observations
___________________________________________________________________________________________________

TimeInSys                                   1216.2     (Corr)     374.18     1926.9       2785    
ElektrikMontajQ.WaitingTime                 5.3389     .11116     .00000     11.622       3088    
SacKesimBukumQ.WaitingTime                  2.9209     .11691     .00000     9.7045       3036    
MetalSekillendirmeQ.WaitingTime             2.5868     .06847     .00000     9.1051       4159    
FonksiyonTestiQ.WaitingTime                 .00950     .00184     .00000     .86748       3088    
MontajPresiQ.WaitingTime                    1178.2     (Corr)     339.31     1887.5       3431    
Birlestirme.Queue.WaitingTime               2.1495     .05559     .00000     25.041       7196    

                                     DISCRETE-CHANGE VARIABLES

Identifier                                  Average   Half Width  Minimum    Maximum   Final Value
___________________________________________________________________________________________________

ElektrikMontajR.NumberBusy                  .99841     (Insuf)    .00000     1.0000     1.0000    
ElektrikMontajR.NumberScheduled             1.0000     (Insuf)    1.0000     1.0000     1.0000    
ElektrikMontajR.Utilization                 .99841     (Insuf)    .00000     1.0000     1.0000    
SacKesimBukumR.NumberBusy                   .74102     .01737     .00000     1.0000     .00000    
SacKesimBukumR.NumberScheduled              1.0000     (Insuf)    1.0000     1.0000     1.0000    
SacKesimBukumR.Utilization                  .74102     .01737     .00000     1.0000     .00000    
MetalSekillendirmeR.NumberBusy              .80761     .01266     .00000     1.0000     1.0000    
MetalSekillendirmeR.NumberScheduled         1.0000     (Insuf)    1.0000     1.0000     1.0000    
MetalSekillendirmeR.Utilization             .80761     .01266     .00000     1.0000     1.0000    
FonksiyonTestiR.NumberBusy                  .79984     .00292     .00000     1.0000     1.0000    
FonksiyonTestiR.NumberScheduled             1.0000     (Insuf)    1.0000     1.0000     1.0000    
FonksiyonTestiR.Utilization                 .79984     .00292     .00000     1.0000     1.0000    
MontajPresiR.NumberBusy                     1.0000     (Insuf)    .00000     1.0000     1.0000    
MontajPresiR.NumberScheduled                1.0000     (Insuf)    1.0000     1.0000     1.0000    
MontajPresiR.Utilization                    1.0000     (Insuf)    .00000     1.0000     1.0000    
ElektrikMontajQ.NumberInQueue               .53355     .01039     .00000     1.0000     .00000    
SacKesimBukumQ.NumberInQueue                .28690     .01353     .00000     1.0000     .00000    
MetalSekillendirmeQ.NumberInQueue           .34817     .01280     .00000     1.0000     .00000    
FonksiyonTestiQ.NumberInQueue               9.4895E-04 (Insuf)    .00000     1.0000     .00000    
MontajPresiQ.NumberInQueue                  137.06     (Corr)     44.000     215.00     211.00    
Birlestirme.Queue.NumberInQueue             .50059     .01078     .00000     2.0000     .00000    

                                             COUNTERS

Identifier                                    Count   Limit
_____________________________________________________________

ScrapJob                                        303  Infinite
Packed                                          279  Infinite
FinishedJob                                    2785  Infinite

                                             OUTPUTS

Identifier                                   Value
_____________________________________________________________

ElektrikMontajR.NumberSeized                3088.0    
ElektrikMontajR.ScheduledUtilization        .99841    
SacKesimBukumR.NumberSeized                 3036.0    
SacKesimBukumR.ScheduledUtilization         .74102    
MetalSekillendirmeR.NumberSeized            4159.0    
MetalSekillendirmeR.ScheduledUtilization    .80761    
FonksiyonTestiR.NumberSeized                3088.0    
FonksiyonTestiR.ScheduledUtilization        .79984    
MontajPresiR.NumberSeized                   3431.0    
MontajPresiR.ScheduledUtilization           1.0000    
System.NumberOut                            .00000    

Beginning replication 9 of 10

                                      ARENA Simulation Results
                           benguozsubasi2@gmail.com - License: 7328734345

                                  Summary for Replication 9 of 10

Project: MontajHatti                                                 Run execution date :12/ 8/2025
Analyst: Bengu Ozsubasi Pek                                          Model revision date:12/ 8/2025

Replication ended at time      : 38400.0 Minutes 
Statistics were cleared at time: 7500.0 Minutes (Monday, December 15, 2025, 19:30:00)
Statistics accumulated for time: 30900.0 Minutes
Base Time Units: Minutes

                                           TALLY VARIABLES

Identifier                                  Average   Half Width  Minimum    Maximum   Observations
___________________________________________________________________________________________________

TimeInSys                                   1042.7     (Corr)     413.40     1750.5       2797    
ElektrikMontajQ.WaitingTime                 5.2324     .13748     .00000     11.846       3093    
SacKesimBukumQ.WaitingTime                  2.8319     .12426     .00000     9.8140       3062    
MetalSekillendirmeQ.WaitingTime             2.5767     .07106     .00000     9.8772       4078    
FonksiyonTestiQ.WaitingTime                 .01347     .00307     .00000     1.6263       3093    
MontajPresiQ.WaitingTime                    1003.4     (Corr)     376.56     1701.4       3429    
Birlestirme.Queue.WaitingTime               2.1526     .04609     .00000     18.902       7138    

                                     DISCRETE-CHANGE VARIABLES

Identifier                                  Average   Half Width  Minimum    Maximum   Final Value
___________________________________________________________________________________________________

ElektrikMontajR.NumberBusy                  .99855     (Insuf)    .00000     1.0000     1.0000    
ElektrikMontajR.NumberScheduled             1.0000     (Insuf)    1.0000     1.0000     1.0000    
ElektrikMontajR.Utilization                 .99855     (Insuf)    .00000     1.0000     1.0000    
SacKesimBukumR.NumberBusy                   .74066     .01501     .00000     1.0000     1.0000    
SacKesimBukumR.NumberScheduled              1.0000     (Insuf)    1.0000     1.0000     1.0000    
SacKesimBukumR.Utilization                  .74066     .01501     .00000     1.0000     1.0000    
MetalSekillendirmeR.NumberBusy              .79425     (Corr)     .00000     1.0000     1.0000    
MetalSekillendirmeR.NumberScheduled         1.0000     (Insuf)    1.0000     1.0000     1.0000    
MetalSekillendirmeR.Utilization             .79425     (Corr)     .00000     1.0000     1.0000    
FonksiyonTestiR.NumberBusy                  .80137     .00315     .00000     1.0000     1.0000    
FonksiyonTestiR.NumberScheduled             1.0000     (Insuf)    1.0000     1.0000     1.0000    
FonksiyonTestiR.Utilization                 .80137     .00315     .00000     1.0000     1.0000    
MontajPresiR.NumberBusy                     1.0000     (Insuf)    .00000     1.0000     1.0000    
MontajPresiR.NumberScheduled                1.0000     (Insuf)    1.0000     1.0000     1.0000    
MontajPresiR.Utilization                    1.0000     (Insuf)    .00000     1.0000     1.0000    
ElektrikMontajQ.NumberInQueue               .52376     .01090     .00000     1.0000     .00000    
SacKesimBukumQ.NumberInQueue                .28063     .01075     .00000     1.0000     .00000    
MetalSekillendirmeQ.NumberInQueue           .34009     .01301     .00000     1.0000     1.0000    
FonksiyonTestiQ.NumberInQueue               .00135     (Insuf)    .00000     1.0000     .00000    
MontajPresiQ.NumberInQueue                  116.10     (Corr)     42.000     190.00     189.00    
Birlestirme.Queue.NumberInQueue             .49740     .00962     .00000     2.0000     1.0000    

                                             COUNTERS

Identifier                                    Count   Limit
_____________________________________________________________

ScrapJob                                        295  Infinite
Packed                                          279  Infinite
FinishedJob                                    2797  Infinite

                                             OUTPUTS

Identifier                                   Value
_____________________________________________________________

ElektrikMontajR.NumberSeized                3093.0    
ElektrikMontajR.ScheduledUtilization        .99855    
SacKesimBukumR.NumberSeized                 3062.0    
SacKesimBukumR.ScheduledUtilization         .74066    
MetalSekillendirmeR.NumberSeized            4078.0    
MetalSekillendirmeR.ScheduledUtilization    .79425    
FonksiyonTestiR.NumberSeized                3093.0    
FonksiyonTestiR.ScheduledUtilization        .80137    
MontajPresiR.NumberSeized                   3429.0    
MontajPresiR.ScheduledUtilization           1.0000    
System.NumberOut                            .00000    

Beginning replication 10 of 10

                                      ARENA Simulation Results
                           benguozsubasi2@gmail.com - License: 7328734345

                                  Summary for Replication 10 of 10

Project: MontajHatti                                                 Run execution date :12/ 8/2025
Analyst: Bengu Ozsubasi Pek                                          Model revision date:12/ 8/2025

Replication ended at time      : 38400.0 Minutes 
Statistics were cleared at time: 7500.0 Minutes (Monday, December 15, 2025, 19:30:00)
Statistics accumulated for time: 30900.0 Minutes
Base Time Units: Minutes

                                           TALLY VARIABLES

Identifier                                  Average   Half Width  Minimum    Maximum   Observations
___________________________________________________________________________________________________

TimeInSys                                   1178.0     (Corr)     475.35     1777.3       2784    
ElektrikMontajQ.WaitingTime                 5.3149     .09211     .00000     11.850       3084    
SacKesimBukumQ.WaitingTime                  2.9911     .12806     .00000     9.8578       3074    
MetalSekillendirmeQ.WaitingTime             2.4957     (Corr)     .00000     9.5257       4083    
FonksiyonTestiQ.WaitingTime                 .01268     .00306     .00000     1.1604       3084    
MontajPresiQ.WaitingTime                    1134.3     (Corr)     437.51     1738.2       3431    
Birlestirme.Queue.WaitingTime               2.1725     .04773     .00000     27.936       7158    

                                     DISCRETE-CHANGE VARIABLES

Identifier                                  Average   Half Width  Minimum    Maximum   Final Value
___________________________________________________________________________________________________

ElektrikMontajR.NumberBusy                  .99821     (Insuf)    .00000     1.0000     1.0000    
ElektrikMontajR.NumberScheduled             1.0000     (Insuf)    1.0000     1.0000     1.0000    
ElektrikMontajR.Utilization                 .99821     (Insuf)    .00000     1.0000     1.0000    
SacKesimBukumR.NumberBusy                   .74614     (Corr)     .00000     1.0000     1.0000    
SacKesimBukumR.NumberScheduled              1.0000     (Insuf)    1.0000     1.0000     1.0000    
SacKesimBukumR.Utilization                  .74614     (Corr)     .00000     1.0000     1.0000    
MetalSekillendirmeR.NumberBusy              .79134     .01090     .00000     1.0000     1.0000    
MetalSekillendirmeR.NumberScheduled         1.0000     (Insuf)    1.0000     1.0000     1.0000    
MetalSekillendirmeR.Utilization             .79134     .01090     .00000     1.0000     1.0000    
FonksiyonTestiR.NumberBusy                  .79750     .00344     .00000     1.0000     1.0000    
FonksiyonTestiR.NumberScheduled             1.0000     (Insuf)    1.0000     1.0000     1.0000    
FonksiyonTestiR.Utilization                 .79750     .00344     .00000     1.0000     1.0000    
MontajPresiR.NumberBusy                     1.0000     (Insuf)    .00000     1.0000     1.0000    
MontajPresiR.NumberScheduled                1.0000     (Insuf)    1.0000     1.0000     1.0000    
MontajPresiR.Utilization                    1.0000     (Insuf)    .00000     1.0000     1.0000    
ElektrikMontajQ.NumberInQueue               .53047     .01081     .00000     1.0000     1.0000    
SacKesimBukumQ.NumberInQueue                .29779     .01423     .00000     1.0000     1.0000    
MetalSekillendirmeQ.NumberInQueue           .32978     (Corr)     .00000     1.0000     .00000    
FonksiyonTestiQ.NumberInQueue               .00127     (Insuf)    .00000     1.0000     .00000    
MontajPresiQ.NumberInQueue                  131.29     (Corr)     53.000     204.00     202.00    
Birlestirme.Queue.NumberInQueue             .50322     .00889     .00000     2.0000     .00000    

                                             COUNTERS

Identifier                                    Count   Limit
_____________________________________________________________

ScrapJob                                        300  Infinite
Packed                                          278  Infinite
FinishedJob                                    2784  Infinite

                                             OUTPUTS

Identifier                                   Value
_____________________________________________________________

ElektrikMontajR.NumberSeized                3084.0    
ElektrikMontajR.ScheduledUtilization        .99821    
SacKesimBukumR.NumberSeized                 3074.0    
SacKesimBukumR.ScheduledUtilization         .74614    
MetalSekillendirmeR.NumberSeized            4083.0    
MetalSekillendirmeR.ScheduledUtilization    .79134    
FonksiyonTestiR.NumberSeized                3084.0    
FonksiyonTestiR.ScheduledUtilization        .79750    
MontajPresiR.NumberSeized                   3431.0    
MontajPresiR.ScheduledUtilization           1.0000    
System.NumberOut                            .00000    


                                      ARENA Simulation Results
                           benguozsubasi2@gmail.com - License: 7328734345

                                 Output Summary for 10 Replications

Project: MontajHatti                                                 Run execution date :12/ 8/2025
Analyst: Bengu Ozsubasi Pek                                          Model revision date:12/ 8/2025


                                             OUTPUTS

Identifier                                 Average    Half-width Minimum    Maximum # Replications
___________________________________________________________________________________________________

ElektrikMontajR.NumberSeized                3087.2     4.0011     3079.0     3097.0     10
ElektrikMontajR.ScheduledUtilization        .99846     2.9154E-04 .99761     .99898     10
SacKesimBukumR.NumberSeized                 3096.1     34.981     3036.0     3194.0     10
SacKesimBukumR.ScheduledUtilization         .75248     .00889     .74066     .78050     10
MetalSekillendirmeR.NumberSeized            4093.7     25.788     4041.0     4159.0     10
MetalSekillendirmeR.ScheduledUtilization    .79516     .00467     .78593     .80761     10
FonksiyonTestiR.NumberSeized                3087.2     4.0011     3079.0     3097.0     10
FonksiyonTestiR.ScheduledUtilization        .79948     .00148     .79665     .80358     10
MontajPresiR.NumberSeized                   3432.4     2.0005     3429.0     3437.0     10
MontajPresiR.ScheduledUtilization           1.0000     .00000     1.0000     1.0000     10
System.NumberOut                            .00000     .00000     .00000     .00000     10

Simulation run time: 0.02 minutes.
Simulation run complete.
